PID 6385 received SIGSEGV for address: 0x20
0   segfault-handler.node               0x000000010cde9408 _ZL16segfault_handleriP9__siginfoPv + 312
1   libsystem_platform.dylib            0x00007fff7e5bdf5a _sigtramp + 26
2   libsystem_malloc.dylib              0x00007fff7e4e70a9 small_malloc_from_free_list + 171
3   iohook.node                         0x000000010f200bf0 hook_event_proc + 2000
4   SkyLight                            0x00007fff783b93d2 processDecodedEventRef + 112
5   SkyLight                            0x00007fff783b8c42 processEventTapData + 567
6   SkyLight                            0x00007fff7836a579 _XPostEventTapData + 278
7   SkyLight                            0x00007fff783b89ad eventTapMessageHandler + 132
8   CoreFoundation                      0x00007fff56de5206 __CFMachPortPerform + 310
9   CoreFoundation                      0x00007fff56de50b9 __CFRUNLOOP_IS_CALLING_OUT_TO_A_SOURCE1_PERFORM_FUNCTION__ + 41
10  CoreFoundation                      0x00007fff56de5005 __CFRunLoopDoSource1 + 533
11  CoreFoundation                      0x00007fff56ddcbf0 __CFRunLoopRun + 2848
12  CoreFoundation                      0x00007fff56ddbe43 CFRunLoopRunSpecific + 483
13  CoreFoundation                      0x00007fff56e1a833 CFRunLoopRun + 99
14  iohook.node                         0x000000010f201d95 hook_run + 1749
15  iohook.node                         0x000000010f1fd15e _Z16hook_thread_procPv + 14
16  libsystem_pthread.dylib             0x00007fff7e5c76c1 _pthread_body + 340
17  libsystem_pthread.dylib             0x00007fff7e5c756d _pthread_body + 0
18  libsystem_pthread.dylib             0x00007fff7e5c6c5d thread_start + 13
PID 13654 received SIGSEGV for address: 0x20
0   segfault-handler.node               0x0000000111bd8408 _ZL16segfault_handleriP9__siginfoPv + 312
1   libsystem_platform.dylib            0x00007fff97929b3a _sigtramp + 26
2   ???                                 0x0000000000000000 0x0 + 0
3   iohook.node                         0x0000000111be954b process_button_released + 235
4   iohook.node                         0x0000000111be8786 hook_event_proc + 870
5   SkyLight                            0x00007fff93a39c80 processDecodedEventRef + 204
6   SkyLight                            0x00007fff93a3946a processEventTapData + 544
7   SkyLight                            0x00007fff93b0ece1 _XPostEventTapData + 280
8   SkyLight                            0x00007fff93a391f4 eventTapMessageHandler + 137
9   CoreFoundation                      0x00007fff81f9b1ed __CFMachPortPerform + 253
10  CoreFoundation                      0x00007fff81f9b0d9 __CFRUNLOOP_IS_CALLING_OUT_TO_A_SOURCE1_PERFORM_FUNCTION__ + 41
11  CoreFoundation                      0x00007fff81f9b051 __CFRunLoopDoSource1 + 465
12  CoreFoundation                      0x00007fff81f92cc5 __CFRunLoopRun + 2389
13  CoreFoundation                      0x00007fff81f92114 CFRunLoopRunSpecific + 420
14  CoreFoundation                      0x00007fff81fd1b91 CFRunLoopRun + 97
15  iohook.node                         0x0000000111be9d95 hook_run + 1749
16  iohook.node                         0x0000000111be515e _Z16hook_thread_procPv + 14
17  libsystem_pthread.dylib             0x00007fff9793393b _pthread_body + 180
18  libsystem_pthread.dylib             0x00007fff97933887 _pthread_body + 0
19  libsystem_pthread.dylib             0x00007fff9793308d thread_start + 13
PID 4654 received SIGSEGV for address: 0x20
0   segfault-handler.node               0x0000000107806408 _ZL16segfault_handleriP9__siginfoPv + 312
1   libsystem_platform.dylib            0x00007fffb53bbb3a _sigtramp + 26
2   libsystem_malloc.dylib              0x00007fffb5330932 small_malloc_from_free_list + 430
3   iohook.node                         0x0000000107816bf0 hook_event_proc + 2000
4   SkyLight                            0x00007fffb14cbc80 processDecodedEventRef + 204
5   SkyLight                            0x00007fffb14cb46a processEventTapData + 544
6   SkyLight                            0x00007fffb15a0ce1 _XPostEventTapData + 280
7   SkyLight                            0x00007fffb14cb1f4 eventTapMessageHandler + 137
8   CoreFoundation                      0x00007fff9fa2d1ed __CFMachPortPerform + 253
9   CoreFoundation                      0x00007fff9fa2d0d9 __CFRUNLOOP_IS_CALLING_OUT_TO_A_SOURCE1_PERFORM_FUNCTION__ + 41
10  CoreFoundation                      0x00007fff9fa2d051 __CFRunLoopDoSource1 + 465
11  CoreFoundation                      0x00007fff9fa24cc5 __CFRunLoopRun + 2389
12  CoreFoundation                      0x00007fff9fa24114 CFRunLoopRunSpecific + 420
13  CoreFoundation                      0x00007fff9fa63b91 CFRunLoopRun + 97
14  iohook.node                         0x0000000107817d95 hook_run + 1749
15  iohook.node                         0x000000010781315e _Z16hook_thread_procPv + 14
16  libsystem_pthread.dylib             0x00007fffb53c593b _pthread_body + 180
17  libsystem_pthread.dylib             0x00007fffb53c5887 _pthread_body + 0
18  libsystem_pthread.dylib             0x00007fffb53c508d thread_start + 13
PID 15621 received SIGSEGV for address: 0x20
0   segfault-handler.node               0x000000010d5f3408 _ZL16segfault_handleriP9__siginfoPv + 312
1   libsystem_platform.dylib            0x00007fffa186ab3a _sigtramp + 26
2   libsystem_malloc.dylib              0x00007fffa17df823 small_malloc_from_free_list + 159
3   iohook.node                         0x0000000110380bf0 hook_event_proc + 2000
4   SkyLight                            0x00007fff9d97ac80 processDecodedEventRef + 204
5   SkyLight                            0x00007fff9d97a46a processEventTapData + 544
6   SkyLight                            0x00007fff9da4fce1 _XPostEventTapData + 280
7   SkyLight                            0x00007fff9d97a1f4 eventTapMessageHandler + 137
8   CoreFoundation                      0x00007fff8bedc1ed __CFMachPortPerform + 253
9   CoreFoundation                      0x00007fff8bedc0d9 __CFRUNLOOP_IS_CALLING_OUT_TO_A_SOURCE1_PERFORM_FUNCTION__ + 41
10  CoreFoundation                      0x00007fff8bedc051 __CFRunLoopDoSource1 + 465
11  CoreFoundation                      0x00007fff8bed3cc5 __CFRunLoopRun + 2389
12  CoreFoundation                      0x00007fff8bed3114 CFRunLoopRunSpecific + 420
13  CoreFoundation                      0x00007fff8bf12b91 CFRunLoopRun + 97
14  iohook.node                         0x0000000110381d95 hook_run + 1749
15  iohook.node                         0x000000011037d15e _Z16hook_thread_procPv + 14
16  libsystem_pthread.dylib             0x00007fffa187493b _pthread_body + 180
17  libsystem_pthread.dylib             0x00007fffa1874887 _pthread_body + 0
18  libsystem_pthread.dylib             0x00007fffa187408d thread_start + 13
